# JRE version: Java(TM) SE Runtime Environment (17.0.7+8) (build 17.0.7+8-LTS-224)
# Java VM: Java HotSpot(TM) 64-Bit Server VM (17.0.7+8-LTS-224, mixed mode, sharing, tiered, compressed oops, compressed class ptrs, g1 gc, windows-amd64)
GC Precious Log:
 CPUs: 8 total, 8 available
 Memory: 16258M
 Large Page Support: Disabled
 NUMA Support: Disabled
 Compressed Oops: Enabled (32-bit)
 Heap Region Size: 1M
 Heap Min Capacity: 8M
 Heap Initial Capacity: 256M
 Heap Max Capacity: 2G
 Pre-touch: Disabled
 Parallel Workers: 8
 Concurrent Workers: 2
 Concurrent Refinement Workers: 8
 Periodic GC: Disabled
Heap:
 garbage-first heap   total 293888K, used 149847K [0x0000000080000000, 0x0000000100000000)
  region size 1024K, 6 young (6144K), 6 survivors (6144K)
 Metaspace       used 105686K, committed 106496K, reserved 1146880K
  class space    used 14658K, committed 15040K, reserved 1048576K
GC Heap History (20 events):
Event: 13.281 GC heap after
{Heap after GC invocations=37 (full 0):
 garbage-first heap   total 163840K, used 95090K [0x0000000080000000, 0x0000000100000000)
  region size 1024K, 3 young (3072K), 3 survivors (3072K)
 Metaspace       used 88707K, committed 89344K, reserved 1130496K
  class space    used 12230K, committed 12544K, reserved 1048576K
}
Event: 13.316 GC heap before
{Heap before GC invocations=37 (full 0):
 garbage-first heap   total 163840K, used 99186K [0x0000000080000000, 0x0000000100000000)
  region size 1024K, 8 young (8192K), 3 survivors (3072K)
 Metaspace       used 88730K, committed 89408K, reserved 1130496K
  class space    used 12230K, committed 12544K, reserved 1048576K
}
Event: 13.321 GC heap after
{Heap after GC invocations=38 (full 0):
 garbage-first heap   total 163840K, used 94937K [0x0000000080000000, 0x0000000100000000)
  region size 1024K, 1 young (1024K), 1 survivors (1024K)
 Metaspace       used 88730K, committed 89408K, reserved 1130496K
  class space    used 12230K, committed 12544K, reserved 1048576K
}
Event: 13.689 GC heap before
{Heap before GC invocations=38 (full 0):
 garbage-first heap   total 163840K, used 132825K [0x0000000080000000, 0x0000000100000000)
  region size 1024K, 39 young (39936K), 1 survivors (1024K)
 Metaspace       used 89307K, committed 89984K, reserved 1130496K
  class space    used 12286K, committed 12608K, reserved 1048576K
}
Event: 13.693 GC heap after
{Heap after GC invocations=39 (full 0):
 garbage-first heap   total 234496K, used 96709K [0x0000000080000000, 0x0000000100000000)
  region size 1024K, 3 young (3072K), 3 survivors (3072K)
 Metaspace       used 89307K, committed 89984K, reserved 1130496K
  class space    used 12286K, committed 12608K, reserved 1048576K
}
Event: 14.796 GC heap before
{Heap before GC invocations=40 (full 0):
 garbage-first heap   total 234496K, used 184773K [0x0000000080000000, 0x0000000100000000)
  region size 1024K, 90 young (92160K), 3 survivors (3072K)
 Metaspace       used 92964K, committed 93696K, reserved 1130496K
  class space    used 12716K, committed 13056K, reserved 1048576K
}
Event: 14.803 GC heap after
{Heap after GC invocations=41 (full 0):
 garbage-first heap   total 234496K, used 102002K [0x0000000080000000, 0x0000000100000000)
  region size 1024K, 8 young (8192K), 8 survivors (8192K)
 Metaspace       used 92964K, committed 93696K, reserved 1130496K
  class space    used 12716K, committed 13056K, reserved 1048576K
}
Event: 14.827 GC heap before
{Heap before GC invocations=41 (full 0):
 garbage-first heap   total 234496K, used 105074K [0x0000000080000000, 0x0000000100000000)
  region size 1024K, 11 young (11264K), 8 survivors (8192K)
 Metaspace       used 93011K, committed 93760K, reserved 1130496K
  class space    used 12721K, committed 13120K, reserved 1048576K
}
Event: 14.833 GC heap after
{Heap after GC invocations=42 (full 0):
 garbage-first heap   total 234496K, used 102165K [0x0000000080000000, 0x0000000100000000)
  region size 1024K, 1 young (1024K), 1 survivors (1024K)
 Metaspace       used 93011K, committed 93760K, reserved 1130496K
  class space    used 12721K, committed 13120K, reserved 1048576K
}
Event: 15.353 GC heap before
{Heap before GC invocations=42 (full 0):
 garbage-first heap   total 234496K, used 188181K [0x0000000080000000, 0x0000000100000000)
  region size 1024K, 86 young (88064K), 1 survivors (1024K)
 Metaspace       used 96861K, committed 97600K, reserved 1138688K
  class space    used 13264K, committed 13632K, reserved 1048576K
}
Event: 15.358 GC heap after
{Heap after GC invocations=43 (full 0):
 garbage-first heap   total 234496K, used 111480K [0x0000000080000000, 0x0000000100000000)
  region size 1024K, 11 young (11264K), 11 survivors (11264K)
 Metaspace       used 96861K, committed 97600K, reserved 1138688K
  class space    used 13264K, committed 13632K, reserved 1048576K
}
Event: 15.773 GC heap before
{Heap before GC invocations=43 (full 0):
 garbage-first heap   total 234496K, used 187256K [0x0000000080000000, 0x0000000100000000)
  region size 1024K, 86 young (88064K), 11 survivors (11264K)
 Metaspace       used 99548K, committed 100288K, reserved 1138688K
  class space    used 13654K, committed 14016K, reserved 1048576K
}
Event: 15.785 GC heap after
{Heap after GC invocations=44 (full 0):
 garbage-first heap   total 234496K, used 123324K [0x0000000080000000, 0x0000000100000000)
  region size 1024K, 11 young (11264K), 11 survivors (11264K)
 Metaspace       used 99548K, committed 100288K, reserved 1138688K
  class space    used 13654K, committed 14016K, reserved 1048576K
}
Event: 15.970 GC heap before
{Heap before GC invocations=44 (full 0):
 garbage-first heap   total 234496K, used 187836K [0x0000000080000000, 0x0000000100000000)
  region size 1024K, 75 young (76800K), 11 survivors (11264K)
 Metaspace       used 101333K, committed 102080K, reserved 1138688K
  class space    used 13906K, committed 14272K, reserved 1048576K
}
Event: 15.986 GC heap after
{Heap after GC invocations=45 (full 0):
 garbage-first heap   total 234496K, used 134697K [0x0000000080000000, 0x0000000100000000)
  region size 1024K, 10 young (10240K), 10 survivors (10240K)
 Metaspace       used 101333K, committed 102080K, reserved 1138688K
  class space    used 13906K, committed 14272K, reserved 1048576K
}
Event: 16.243 GC heap before
{Heap before GC invocations=46 (full 0):
 garbage-first heap   total 293888K, used 188969K [0x0000000080000000, 0x0000000100000000)
  region size 1024K, 64 young (65536K), 10 survivors (10240K)
 Metaspace       used 103124K, committed 103872K, reserved 1146880K
  class space    used 14248K, committed 14592K, reserved 1048576K
}
Event: 16.258 GC heap after
{Heap after GC invocations=47 (full 0):
 garbage-first heap   total 293888K, used 144384K [0x0000000080000000, 0x0000000100000000)
  region size 1024K, 8 young (8192K), 8 survivors (8192K)
 Metaspace       used 103124K, committed 103872K, reserved 1146880K
  class space    used 14248K, committed 14592K, reserved 1048576K
}
Event: 16.278 GC heap before
{Heap before GC invocations=47 (full 0):
 garbage-first heap   total 293888K, used 150528K [0x0000000080000000, 0x0000000100000000)
  region size 1024K, 14 young (14336K), 8 survivors (8192K)
 Metaspace       used 103331K, committed 104128K, reserved 1146880K
  class space    used 14273K, committed 14656K, reserved 1048576K
}
Event: 16.286 GC heap after
{Heap after GC invocations=48 (full 0):
 garbage-first heap   total 293888K, used 145990K [0x0000000080000000, 0x0000000100000000)
  region size 1024K, 2 young (2048K), 2 survivors (2048K)
 Metaspace       used 103331K, committed 104128K, reserved 1146880K
  class space    used 14273K, committed 14656K, reserved 1048576K
}
Event: 16.749 GC heap before
{Heap before GC invocations=48 (full 0):
 garbage-first heap   total 293888K, used 233030K [0x0000000080000000, 0x0000000100000000)
  region size 1024K, 87 young (89088K), 2 survivors (2048K)
 Metaspace       used 105686K, committed 106496K, reserved 1146880K
  class space    used 14658K, committed 15040K, reserved 1048576K
}

