# JRE version: OpenJDK Runtime Environment (17.0.6) (build 17.0.6+0-b2043.56-9586694)
# Java VM: OpenJDK 64-Bit Server VM (17.0.6+0-b2043.56-9586694, mixed mode, tiered, compressed oops, compressed class ptrs, g1 gc, windows-amd64)
GC Precious Log:
 CPUs: 8 total, 8 available
 Memory: 16258M
 Large Page Support: Disabled
 NUMA Support: Disabled
 Compressed Oops: Enabled (32-bit)
 Heap Region Size: 1M
 Heap Min Capacity: 8M
 Heap Initial Capacity: 256M
 Heap Max Capacity: 2G
 Pre-touch: Disabled
 Parallel Workers: 8
 Concurrent Workers: 2
 Concurrent Refinement Workers: 8
 Periodic GC: Disabled
Heap:
 garbage-first heap   total 262144K, used 111695K [0x0000000080000000, 0x0000000100000000)
  region size 1024K, 1 young (1024K), 1 survivors (1024K)
 Metaspace       used 101378K, committed 102144K, reserved 1138688K
  class space    used 13763K, committed 14144K, reserved 1048576K
GC Heap History (20 events):
Event: 8.537 GC heap after
{Heap after GC invocations=33 (full 0):
 garbage-first heap   total 128000K, used 64896K [0x0000000080000000, 0x0000000100000000)
  region size 1024K, 1 young (1024K), 1 survivors (1024K)
 Metaspace       used 72328K, committed 72960K, reserved 1114112K
  class space    used 9516K, committed 9792K, reserved 1048576K
}
Event: 8.821 GC heap before
{Heap before GC invocations=33 (full 0):
 garbage-first heap   total 128000K, used 101760K [0x0000000080000000, 0x0000000100000000)
  region size 1024K, 37 young (37888K), 1 survivors (1024K)
 Metaspace       used 72579K, committed 73088K, reserved 1114112K
  class space    used 9557K, committed 9792K, reserved 1048576K
}
Event: 8.826 GC heap after
{Heap after GC invocations=34 (full 0):
 garbage-first heap   total 256000K, used 68125K [0x0000000080000000, 0x0000000100000000)
  region size 1024K, 4 young (4096K), 4 survivors (4096K)
 Metaspace       used 72579K, committed 73088K, reserved 1114112K
  class space    used 9557K, committed 9792K, reserved 1048576K
}
Event: 10.665 GC heap before
{Heap before GC invocations=35 (full 0):
 garbage-first heap   total 239616K, used 193053K [0x0000000080000000, 0x0000000100000000)
  region size 1024K, 126 young (129024K), 4 survivors (4096K)
 Metaspace       used 86978K, committed 87552K, reserved 1130496K
  class space    used 11781K, committed 12032K, reserved 1048576K
}
Event: 10.677 GC heap after
{Heap after GC invocations=36 (full 0):
 garbage-first heap   total 239616K, used 76365K [0x0000000080000000, 0x0000000100000000)
  region size 1024K, 12 young (12288K), 12 survivors (12288K)
 Metaspace       used 86978K, committed 87552K, reserved 1130496K
  class space    used 11781K, committed 12032K, reserved 1048576K
}
Event: 10.692 GC heap before
{Heap before GC invocations=36 (full 0):
 garbage-first heap   total 239616K, used 77389K [0x0000000080000000, 0x0000000100000000)
  region size 1024K, 13 young (13312K), 12 survivors (12288K)
 Metaspace       used 87037K, committed 87680K, reserved 1130496K
  class space    used 11789K, committed 12096K, reserved 1048576K
}
Event: 10.700 GC heap after
{Heap after GC invocations=37 (full 0):
 garbage-first heap   total 239616K, used 77581K [0x0000000080000000, 0x0000000100000000)
  region size 1024K, 2 young (2048K), 2 survivors (2048K)
 Metaspace       used 87037K, committed 87680K, reserved 1130496K
  class space    used 11789K, committed 12096K, reserved 1048576K
}
Event: 11.979 GC heap before
{Heap before GC invocations=37 (full 0):
 garbage-first heap   total 239616K, used 184077K [0x0000000080000000, 0x0000000100000000)
  region size 1024K, 106 young (108544K), 2 survivors (2048K)
 Metaspace       used 94305K, committed 94912K, reserved 1130496K
  class space    used 12827K, committed 13120K, reserved 1048576K
}
Event: 11.986 GC heap after
{Heap after GC invocations=38 (full 0):
 garbage-first heap   total 239616K, used 86087K [0x0000000080000000, 0x0000000100000000)
  region size 1024K, 10 young (10240K), 10 survivors (10240K)
 Metaspace       used 94305K, committed 94912K, reserved 1130496K
  class space    used 12827K, committed 13120K, reserved 1048576K
}
Event: 13.088 GC heap before
{Heap before GC invocations=39 (full 0):
 garbage-first heap   total 239616K, used 185415K [0x0000000080000000, 0x0000000100000000)
  region size 1024K, 108 young (110592K), 10 survivors (10240K)
 Metaspace       used 98474K, committed 99136K, reserved 1138688K
  class space    used 13427K, committed 13696K, reserved 1048576K
}
Event: 13.103 GC heap after
{Heap after GC invocations=40 (full 0):
 garbage-first heap   total 239616K, used 98326K [0x0000000080000000, 0x0000000100000000)
  region size 1024K, 13 young (13312K), 13 survivors (13312K)
 Metaspace       used 98474K, committed 99136K, reserved 1138688K
  class space    used 13427K, committed 13696K, reserved 1048576K
}
Event: 13.109 GC heap before
{Heap before GC invocations=40 (full 0):
 garbage-first heap   total 239616K, used 98326K [0x0000000080000000, 0x0000000100000000)
  region size 1024K, 14 young (14336K), 13 survivors (13312K)
 Metaspace       used 98481K, committed 99136K, reserved 1138688K
  class space    used 13427K, committed 13696K, reserved 1048576K
}
Event: 13.118 GC heap after
{Heap after GC invocations=41 (full 0):
 garbage-first heap   total 239616K, used 99967K [0x0000000080000000, 0x0000000100000000)
  region size 1024K, 2 young (2048K), 2 survivors (2048K)
 Metaspace       used 98481K, committed 99136K, reserved 1138688K
  class space    used 13427K, committed 13696K, reserved 1048576K
}
Event: 14.126 GC heap before
{Heap before GC invocations=41 (full 0):
 garbage-first heap   total 239616K, used 187007K [0x0000000080000000, 0x0000000100000000)
  region size 1024K, 88 young (90112K), 2 survivors (2048K)
 Metaspace       used 100156K, committed 100928K, reserved 1138688K
  class space    used 13626K, committed 13952K, reserved 1048576K
}
Event: 14.134 GC heap after
{Heap after GC invocations=42 (full 0):
 garbage-first heap   total 239616K, used 105294K [0x0000000080000000, 0x0000000100000000)
  region size 1024K, 8 young (8192K), 8 survivors (8192K)
 Metaspace       used 100156K, committed 100928K, reserved 1138688K
  class space    used 13626K, committed 13952K, reserved 1048576K
}
Event: 14.793 GC heap before
{Heap before GC invocations=43 (full 0):
 garbage-first heap   total 239616K, used 189262K [0x0000000080000000, 0x0000000100000000)
  region size 1024K, 91 young (93184K), 8 survivors (8192K)
 Metaspace       used 101203K, committed 101952K, reserved 1138688K
  class space    used 13743K, committed 14144K, reserved 1048576K
}
Event: 14.802 GC heap after
{Heap after GC invocations=44 (full 0):
 garbage-first heap   total 239616K, used 111301K [0x0000000080000000, 0x0000000100000000)
  region size 1024K, 7 young (7168K), 7 survivors (7168K)
 Metaspace       used 101203K, committed 101952K, reserved 1138688K
  class space    used 13743K, committed 14144K, reserved 1048576K
}
Event: 14.817 GC heap before
{Heap before GC invocations=44 (full 0):
 garbage-first heap   total 239616K, used 114373K [0x0000000080000000, 0x0000000100000000)
  region size 1024K, 11 young (11264K), 7 survivors (7168K)
 Metaspace       used 101205K, committed 101952K, reserved 1138688K
  class space    used 13743K, committed 14144K, reserved 1048576K
}
Event: 14.821 GC heap after
{Heap after GC invocations=45 (full 0):
 garbage-first heap   total 239616K, used 111907K [0x0000000080000000, 0x0000000100000000)
  region size 1024K, 1 young (1024K), 1 survivors (1024K)
 Metaspace       used 101205K, committed 101952K, reserved 1138688K
  class space    used 13743K, committed 14144K, reserved 1048576K
}
Event: 14.866 GC heap before
{Heap before GC invocations=45 (full 0):
 garbage-first heap   total 239616K, used 120099K [0x0000000080000000, 0x0000000100000000)
  region size 1024K, 10 young (10240K), 1 survivors (1024K)
 Metaspace       used 101378K, committed 102144K, reserved 1138688K
  class space    used 13763K, committed 14144K, reserved 1048576K
}

