# JRE version: Java(TM) SE Runtime Environment (17.0.7+8) (build 17.0.7+8-LTS-224)
# Java VM: Java HotSpot(TM) 64-Bit Server VM (17.0.7+8-LTS-224, mixed mode, sharing, tiered, compressed oops, compressed class ptrs, g1 gc, windows-amd64)
GC Precious Log:
 CPUs: 8 total, 8 available
 Memory: 16258M
 Large Page Support: Disabled
 NUMA Support: Disabled
 Compressed Oops: Enabled (32-bit)
 Heap Region Size: 1M
 Heap Min Capacity: 8M
 Heap Initial Capacity: 256M
 Heap Max Capacity: 2G
 Pre-touch: Disabled
 Parallel Workers: 8
 Concurrent Workers: 2
 Concurrent Refinement Workers: 8
 Periodic GC: Disabled
Heap:
 garbage-first heap   total 317440K, used 168512K [0x0000000080000000, 0x0000000100000000)
  region size 1024K, 9 young (9216K), 9 survivors (9216K)
 Metaspace       used 125086K, committed 125952K, reserved 1163264K
  class space    used 17250K, committed 17664K, reserved 1048576K
GC Heap History (20 events):
Event: 24.291 GC heap after
{Heap after GC invocations=54 (full 0):
 garbage-first heap   total 229376K, used 113194K [0x0000000080000000, 0x0000000100000000)
  region size 1024K, 3 young (3072K), 3 survivors (3072K)
 Metaspace       used 106130K, committed 106880K, reserved 1146880K
  class space    used 14249K, committed 14592K, reserved 1048576K
}
Event: 24.728 GC heap before
{Heap before GC invocations=54 (full 0):
 garbage-first heap   total 229376K, used 192042K [0x0000000080000000, 0x0000000100000000)
  region size 1024K, 81 young (82944K), 3 survivors (3072K)
 Metaspace       used 108390K, committed 109184K, reserved 1146880K
  class space    used 14577K, committed 14976K, reserved 1048576K
}
Event: 24.733 GC heap after
{Heap after GC invocations=55 (full 0):
 garbage-first heap   total 229376K, used 118676K [0x0000000080000000, 0x0000000100000000)
  region size 1024K, 8 young (8192K), 8 survivors (8192K)
 Metaspace       used 108390K, committed 109184K, reserved 1146880K
  class space    used 14577K, committed 14976K, reserved 1048576K
}
Event: 25.353 GC heap before
{Heap before GC invocations=55 (full 0):
 garbage-first heap   total 229376K, used 190356K [0x0000000080000000, 0x0000000100000000)
  region size 1024K, 79 young (80896K), 8 survivors (8192K)
 Metaspace       used 114772K, committed 115584K, reserved 1155072K
  class space    used 15619K, committed 16000K, reserved 1048576K
}
Event: 25.373 GC heap after
{Heap after GC invocations=56 (full 0):
 garbage-first heap   total 229376K, used 127587K [0x0000000080000000, 0x0000000100000000)
  region size 1024K, 10 young (10240K), 10 survivors (10240K)
 Metaspace       used 114772K, committed 115584K, reserved 1155072K
  class space    used 15619K, committed 16000K, reserved 1048576K
}
Event: 25.855 GC heap before
{Heap before GC invocations=56 (full 0):
 garbage-first heap   total 229376K, used 188003K [0x0000000080000000, 0x0000000100000000)
  region size 1024K, 70 young (71680K), 10 survivors (10240K)
 Metaspace       used 120033K, committed 120896K, reserved 1155072K
  class space    used 16623K, committed 17024K, reserved 1048576K
}
Event: 25.866 GC heap after
{Heap after GC invocations=57 (full 0):
 garbage-first heap   total 229376K, used 134023K [0x0000000080000000, 0x0000000100000000)
  region size 1024K, 7 young (7168K), 7 survivors (7168K)
 Metaspace       used 120033K, committed 120896K, reserved 1155072K
  class space    used 16623K, committed 17024K, reserved 1048576K
}
Event: 26.199 GC heap before
{Heap before GC invocations=57 (full 0):
 garbage-first heap   total 229376K, used 190343K [0x0000000080000000, 0x0000000100000000)
  region size 1024K, 62 young (63488K), 7 survivors (7168K)
 Metaspace       used 121287K, committed 122112K, reserved 1155072K
  class space    used 16816K, committed 17216K, reserved 1048576K
}
Event: 26.207 GC heap after
{Heap after GC invocations=58 (full 0):
 garbage-first heap   total 317440K, used 134644K [0x0000000080000000, 0x0000000100000000)
  region size 1024K, 2 young (2048K), 2 survivors (2048K)
 Metaspace       used 121287K, committed 122112K, reserved 1155072K
  class space    used 16816K, committed 17216K, reserved 1048576K
}
Event: 26.831 GC heap before
{Heap before GC invocations=58 (full 0):
 garbage-first heap   total 317440K, used 261620K [0x0000000080000000, 0x0000000100000000)
  region size 1024K, 127 young (130048K), 2 survivors (2048K)
 Metaspace       used 123862K, committed 124736K, reserved 1163264K
  class space    used 17227K, committed 17664K, reserved 1048576K
}
Event: 26.837 GC heap after
{Heap after GC invocations=59 (full 0):
 garbage-first heap   total 317440K, used 135351K [0x0000000080000000, 0x0000000100000000)
  region size 1024K, 2 young (2048K), 2 survivors (2048K)
 Metaspace       used 123862K, committed 124736K, reserved 1163264K
  class space    used 17227K, committed 17664K, reserved 1048576K
}
Event: 27.296 GC heap before
{Heap before GC invocations=59 (full 0):
 garbage-first heap   total 317440K, used 267447K [0x0000000080000000, 0x0000000100000000)
  region size 1024K, 132 young (135168K), 2 survivors (2048K)
 Metaspace       used 124277K, committed 125120K, reserved 1163264K
  class space    used 17242K, committed 17664K, reserved 1048576K
}
Event: 27.303 GC heap after
{Heap after GC invocations=60 (full 0):
 garbage-first heap   total 317440K, used 141819K [0x0000000080000000, 0x0000000100000000)
  region size 1024K, 9 young (9216K), 9 survivors (9216K)
 Metaspace       used 124277K, committed 125120K, reserved 1163264K
  class space    used 17242K, committed 17664K, reserved 1048576K
}
Event: 27.634 GC heap before
{Heap before GC invocations=60 (full 0):
 garbage-first heap   total 317440K, used 265723K [0x0000000080000000, 0x0000000100000000)
  region size 1024K, 131 young (134144K), 9 survivors (9216K)
 Metaspace       used 124523K, committed 125376K, reserved 1163264K
  class space    used 17245K, committed 17664K, reserved 1048576K
}
Event: 27.644 GC heap after
{Heap after GC invocations=61 (full 0):
 garbage-first heap   total 317440K, used 150001K [0x0000000080000000, 0x0000000100000000)
  region size 1024K, 17 young (17408K), 17 survivors (17408K)
 Metaspace       used 124523K, committed 125376K, reserved 1163264K
  class space    used 17245K, committed 17664K, reserved 1048576K
}
Event: 27.940 GC heap before
{Heap before GC invocations=61 (full 0):
 garbage-first heap   total 317440K, used 264689K [0x0000000080000000, 0x0000000100000000)
  region size 1024K, 129 young (132096K), 17 survivors (17408K)
 Metaspace       used 124772K, committed 125632K, reserved 1163264K
  class space    used 17246K, committed 17664K, reserved 1048576K
}
Event: 27.955 GC heap after
{Heap after GC invocations=62 (full 0):
 garbage-first heap   total 317440K, used 160238K [0x0000000080000000, 0x0000000100000000)
  region size 1024K, 11 young (11264K), 11 survivors (11264K)
 Metaspace       used 124772K, committed 125632K, reserved 1163264K
  class space    used 17246K, committed 17664K, reserved 1048576K
}
Event: 28.174 GC heap before
{Heap before GC invocations=62 (full 0):
 garbage-first heap   total 317440K, used 264686K [0x0000000080000000, 0x0000000100000000)
  region size 1024K, 113 young (115712K), 11 survivors (11264K)
 Metaspace       used 124986K, committed 125888K, reserved 1163264K
  class space    used 17246K, committed 17664K, reserved 1048576K
}
Event: 28.187 GC heap after
{Heap after GC invocations=63 (full 0):
 garbage-first heap   total 317440K, used 166239K [0x0000000080000000, 0x0000000100000000)
  region size 1024K, 7 young (7168K), 7 survivors (7168K)
 Metaspace       used 124986K, committed 125888K, reserved 1163264K
  class space    used 17246K, committed 17664K, reserved 1048576K
}
Event: 28.378 GC heap before
{Heap before GC invocations=63 (full 0):
 garbage-first heap   total 317440K, used 266591K [0x0000000080000000, 0x0000000100000000)
  region size 1024K, 105 young (107520K), 7 survivors (7168K)
 Metaspace       used 125086K, committed 125952K, reserved 1163264K
  class space    used 17250K, committed 17664K, reserved 1048576K
}

