# JRE version: OpenJDK Runtime Environment (17.0.6) (build 17.0.6+0-b2043.56-9586694)
# Java VM: OpenJDK 64-Bit Server VM (17.0.6+0-b2043.56-9586694, mixed mode, tiered, compressed oops, compressed class ptrs, g1 gc, windows-amd64)
GC Precious Log:
 CPUs: 8 total, 8 available
 Memory: 16258M
 Large Page Support: Disabled
 NUMA Support: Disabled
 Compressed Oops: Enabled (32-bit)
 Heap Region Size: 1M
 Heap Min Capacity: 8M
 Heap Initial Capacity: 256M
 Heap Max Capacity: 2G
 Pre-touch: Disabled
 Parallel Workers: 8
 Concurrent Workers: 2
 Concurrent Refinement Workers: 8
 Periodic GC: Disabled
Heap:
 garbage-first heap   total 431104K, used 408366K [0x0000000080000000, 0x0000000100000000)
  region size 1024K, 8 young (8192K), 3 survivors (3072K)
 Metaspace       used 180024K, committed 181504K, reserved 1212416K
  class space    used 23898K, committed 24576K, reserved 1048576K
GC Heap History (20 events):
Event: 486.170 GC heap before
{Heap before GC invocations=79 (full 0):
 garbage-first heap   total 424960K, used 363031K [0x0000000080000000, 0x0000000100000000)
  region size 1024K, 56 young (57344K), 8 survivors (8192K)
 Metaspace       used 173522K, committed 174912K, reserved 1204224K
  class space    used 23265K, committed 23936K, reserved 1048576K
}
Event: 486.185 GC heap after
{Heap after GC invocations=80 (full 0):
 garbage-first heap   total 424960K, used 323538K [0x0000000080000000, 0x0000000100000000)
  region size 1024K, 7 young (7168K), 7 survivors (7168K)
 Metaspace       used 173522K, committed 174912K, reserved 1204224K
  class space    used 23265K, committed 23936K, reserved 1048576K
}
Event: 487.008 GC heap before
{Heap before GC invocations=80 (full 0):
 garbage-first heap   total 424960K, used 366546K [0x0000000080000000, 0x0000000100000000)
  region size 1024K, 47 young (48128K), 7 survivors (7168K)
 Metaspace       used 174271K, committed 175616K, reserved 1204224K
  class space    used 23316K, committed 23936K, reserved 1048576K
}
Event: 487.016 GC heap after
{Heap after GC invocations=81 (full 0):
 garbage-first heap   total 424960K, used 329819K [0x0000000080000000, 0x0000000100000000)
  region size 1024K, 6 young (6144K), 6 survivors (6144K)
 Metaspace       used 174271K, committed 175616K, reserved 1204224K
  class space    used 23316K, committed 23936K, reserved 1048576K
}
Event: 487.350 GC heap before
{Heap before GC invocations=81 (full 0):
 garbage-first heap   total 424960K, used 364635K [0x0000000080000000, 0x0000000100000000)
  region size 1024K, 41 young (41984K), 6 survivors (6144K)
 Metaspace       used 177512K, committed 178880K, reserved 1204224K
  class space    used 23630K, committed 24256K, reserved 1048576K
}
Event: 487.357 GC heap after
{Heap after GC invocations=82 (full 0):
 garbage-first heap   total 424960K, used 333214K [0x0000000080000000, 0x0000000100000000)
  region size 1024K, 4 young (4096K), 4 survivors (4096K)
 Metaspace       used 177512K, committed 178880K, reserved 1204224K
  class space    used 23630K, committed 24256K, reserved 1048576K
}
Event: 487.642 GC heap before
{Heap before GC invocations=82 (full 0):
 garbage-first heap   total 424960K, used 367006K [0x0000000080000000, 0x0000000100000000)
  region size 1024K, 38 young (38912K), 4 survivors (4096K)
 Metaspace       used 178645K, committed 180032K, reserved 1212416K
  class space    used 23723K, committed 24384K, reserved 1048576K
}
Event: 487.646 GC heap after
{Heap after GC invocations=83 (full 0):
 garbage-first heap   total 424960K, used 333744K [0x0000000080000000, 0x0000000100000000)
  region size 1024K, 3 young (3072K), 3 survivors (3072K)
 Metaspace       used 178645K, committed 180032K, reserved 1212416K
  class space    used 23723K, committed 24384K, reserved 1048576K
}
Event: 488.049 GC heap before
{Heap before GC invocations=83 (full 0):
 garbage-first heap   total 424960K, used 367536K [0x0000000080000000, 0x0000000100000000)
  region size 1024K, 37 young (37888K), 3 survivors (3072K)
 Metaspace       used 179413K, committed 180864K, reserved 1212416K
  class space    used 23824K, committed 24512K, reserved 1048576K
}
Event: 488.056 GC heap after
{Heap after GC invocations=84 (full 0):
 garbage-first heap   total 424960K, used 336197K [0x0000000080000000, 0x0000000100000000)
  region size 1024K, 5 young (5120K), 5 survivors (5120K)
 Metaspace       used 179413K, committed 180864K, reserved 1212416K
  class space    used 23824K, committed 24512K, reserved 1048576K
}
Event: 488.436 GC heap before
{Heap before GC invocations=84 (full 0):
 garbage-first heap   total 424960K, used 388421K [0x0000000080000000, 0x0000000100000000)
  region size 1024K, 32 young (32768K), 5 survivors (5120K)
 Metaspace       used 180046K, committed 181440K, reserved 1212416K
  class space    used 23918K, committed 24576K, reserved 1048576K
}
Event: 488.440 GC heap after
{Heap after GC invocations=85 (full 0):
 garbage-first heap   total 424960K, used 369861K [0x0000000080000000, 0x0000000100000000)
  region size 1024K, 5 young (5120K), 5 survivors (5120K)
 Metaspace       used 180046K, committed 181440K, reserved 1212416K
  class space    used 23918K, committed 24576K, reserved 1048576K
}
Event: 488.454 GC heap before
{Heap before GC invocations=85 (full 0):
 garbage-first heap   total 424960K, used 411845K [0x0000000080000000, 0x0000000100000000)
  region size 1024K, 17 young (17408K), 5 survivors (5120K)
 Metaspace       used 180047K, committed 181440K, reserved 1212416K
  class space    used 23918K, committed 24576K, reserved 1048576K
}
Event: 488.456 GC heap after
{Heap after GC invocations=86 (full 0):
 garbage-first heap   total 424960K, used 386407K [0x0000000080000000, 0x0000000100000000)
  region size 1024K, 3 young (3072K), 3 survivors (3072K)
 Metaspace       used 180047K, committed 181440K, reserved 1212416K
  class space    used 23918K, committed 24576K, reserved 1048576K
}
Event: 488.461 GC heap before
{Heap before GC invocations=86 (full 0):
 garbage-first heap   total 424960K, used 412007K [0x0000000080000000, 0x0000000100000000)
  region size 1024K, 10 young (10240K), 3 survivors (3072K)
 Metaspace       used 180047K, committed 181440K, reserved 1212416K
  class space    used 23918K, committed 24576K, reserved 1048576K
}
Event: 488.462 GC heap after
{Heap after GC invocations=87 (full 0):
 garbage-first heap   total 424960K, used 399267K [0x0000000080000000, 0x0000000100000000)
  region size 1024K, 3 young (3072K), 3 survivors (3072K)
 Metaspace       used 180047K, committed 181440K, reserved 1212416K
  class space    used 23918K, committed 24576K, reserved 1048576K
}
Event: 488.528 GC heap before
{Heap before GC invocations=87 (full 0):
 garbage-first heap   total 431104K, used 420771K [0x0000000080000000, 0x0000000100000000)
  region size 1024K, 11 young (11264K), 3 survivors (3072K)
 Metaspace       used 180081K, committed 181504K, reserved 1212416K
  class space    used 23918K, committed 24576K, reserved 1048576K
}
Event: 488.532 GC heap after
{Heap after GC invocations=88 (full 0):
 garbage-first heap   total 431104K, used 405256K [0x0000000080000000, 0x0000000100000000)
  region size 1024K, 3 young (3072K), 3 survivors (3072K)
 Metaspace       used 180081K, committed 181504K, reserved 1212416K
  class space    used 23918K, committed 24576K, reserved 1048576K
}
Event: 488.649 GC heap before
{Heap before GC invocations=88 (full 0):
 garbage-first heap   total 431104K, used 419592K [0x0000000080000000, 0x0000000100000000)
  region size 1024K, 19 young (19456K), 3 survivors (3072K)
 Metaspace       used 180087K, committed 181504K, reserved 1212416K
  class space    used 23918K, committed 24576K, reserved 1048576K
}
Event: 488.657 GC heap after
{Heap after GC invocations=89 (full 0):
 garbage-first heap   total 431104K, used 411438K [0x0000000080000000, 0x0000000100000000)
  region size 1024K, 3 young (3072K), 3 survivors (3072K)
 Metaspace       used 180087K, committed 181504K, reserved 1212416K
  class space    used 23918K, committed 24576K, reserved 1048576K
}

