# JRE version: OpenJDK Runtime Environment (17.0.6) (build 17.0.6+0-b2043.56-9586694)
# Java VM: OpenJDK 64-Bit Server VM (17.0.6+0-b2043.56-9586694, mixed mode, tiered, compressed oops, compressed class ptrs, g1 gc, windows-amd64)
GC Precious Log:
 CPUs: 8 total, 8 available
 Memory: 16258M
 Large Page Support: Disabled
 NUMA Support: Disabled
 Compressed Oops: Enabled (32-bit)
 Heap Region Size: 1M
 Heap Min Capacity: 8M
 Heap Initial Capacity: 256M
 Heap Max Capacity: 2G
 Pre-touch: Disabled
 Parallel Workers: 8
 Concurrent Workers: 2
 Concurrent Refinement Workers: 8
 Periodic GC: Disabled
Heap:
 garbage-first heap   total 416768K, used 370643K [0x0000000080000000, 0x0000000100000000)
  region size 1024K, 35 young (35840K), 8 survivors (8192K)
 Metaspace       used 127808K, committed 128896K, reserved 1163264K
  class space    used 16923K, committed 17472K, reserved 1048576K
GC Heap History (20 events):
Event: 14.371 GC heap before
{Heap before GC invocations=56 (full 0):
 garbage-first heap   total 316416K, used 197952K [0x0000000080000000, 0x0000000100000000)
  region size 1024K, 15 young (15360K), 5 survivors (5120K)
 Metaspace       used 104552K, committed 105344K, reserved 1146880K
  class space    used 14162K, committed 14528K, reserved 1048576K
}
Event: 14.379 GC heap after
{Heap after GC invocations=57 (full 0):
 garbage-first heap   total 316416K, used 188760K [0x0000000080000000, 0x0000000100000000)
  region size 1024K, 2 young (2048K), 2 survivors (2048K)
 Metaspace       used 104552K, committed 105344K, reserved 1146880K
  class space    used 14162K, committed 14528K, reserved 1048576K
}
Event: 15.028 GC heap before
{Heap before GC invocations=57 (full 0):
 garbage-first heap   total 316416K, used 238936K [0x0000000080000000, 0x0000000100000000)
  region size 1024K, 52 young (53248K), 2 survivors (2048K)
 Metaspace       used 107217K, committed 108032K, reserved 1146880K
  class space    used 14451K, committed 14848K, reserved 1048576K
}
Event: 15.036 GC heap after
{Heap after GC invocations=58 (full 0):
 garbage-first heap   total 316416K, used 194937K [0x0000000080000000, 0x0000000100000000)
  region size 1024K, 7 young (7168K), 7 survivors (7168K)
 Metaspace       used 107217K, committed 108032K, reserved 1146880K
  class space    used 14451K, committed 14848K, reserved 1048576K
}
Event: 15.540 GC heap before
{Heap before GC invocations=59 (full 0):
 garbage-first heap   total 347136K, used 246137K [0x0000000080000000, 0x0000000100000000)
  region size 1024K, 58 young (59392K), 7 survivors (7168K)
 Metaspace       used 107860K, committed 108672K, reserved 1146880K
  class space    used 14495K, committed 14848K, reserved 1048576K
}
Event: 15.549 GC heap after
{Heap after GC invocations=60 (full 0):
 garbage-first heap   total 347136K, used 199494K [0x0000000080000000, 0x0000000100000000)
  region size 1024K, 5 young (5120K), 5 survivors (5120K)
 Metaspace       used 107860K, committed 108672K, reserved 1146880K
  class space    used 14495K, committed 14848K, reserved 1048576K
}
Event: 15.660 GC heap before
{Heap before GC invocations=60 (full 0):
 garbage-first heap   total 347136K, used 210758K [0x0000000080000000, 0x0000000100000000)
  region size 1024K, 16 young (16384K), 5 survivors (5120K)
 Metaspace       used 108104K, committed 108928K, reserved 1146880K
  class space    used 14524K, committed 14912K, reserved 1048576K
}
Event: 15.665 GC heap after
{Heap after GC invocations=61 (full 0):
 garbage-first heap   total 347136K, used 200206K [0x0000000080000000, 0x0000000100000000)
  region size 1024K, 2 young (2048K), 2 survivors (2048K)
 Metaspace       used 108104K, committed 108928K, reserved 1146880K
  class space    used 14524K, committed 14912K, reserved 1048576K
}
Event: 16.376 GC heap before
{Heap before GC invocations=61 (full 0):
 garbage-first heap   total 347136K, used 277006K [0x0000000080000000, 0x0000000100000000)
  region size 1024K, 77 young (78848K), 2 survivors (2048K)
 Metaspace       used 110879K, committed 111808K, reserved 1146880K
  class space    used 14860K, committed 15296K, reserved 1048576K
}
Event: 16.385 GC heap after
{Heap after GC invocations=62 (full 0):
 garbage-first heap   total 416768K, used 205358K [0x0000000080000000, 0x0000000100000000)
  region size 1024K, 7 young (7168K), 7 survivors (7168K)
 Metaspace       used 110879K, committed 111808K, reserved 1146880K
  class space    used 14860K, committed 15296K, reserved 1048576K
}
Event: 63.570 GC heap before
{Heap before GC invocations=62 (full 0):
 garbage-first heap   total 416768K, used 324142K [0x0000000080000000, 0x0000000100000000)
  region size 1024K, 124 young (126976K), 7 survivors (7168K)
 Metaspace       used 118889K, committed 119872K, reserved 1155072K
  class space    used 15706K, committed 16192K, reserved 1048576K
}
Event: 63.584 GC heap after
{Heap after GC invocations=63 (full 0):
 garbage-first heap   total 416768K, used 217088K [0x0000000080000000, 0x0000000100000000)
  region size 1024K, 16 young (16384K), 16 survivors (16384K)
 Metaspace       used 118889K, committed 119872K, reserved 1155072K
  class space    used 15706K, committed 16192K, reserved 1048576K
}
Event: 64.525 GC heap before
{Heap before GC invocations=63 (full 0):
 garbage-first heap   total 416768K, used 331776K [0x0000000080000000, 0x0000000100000000)
  region size 1024K, 129 young (132096K), 16 survivors (16384K)
 Metaspace       used 120834K, committed 121792K, reserved 1155072K
  class space    used 15988K, committed 16448K, reserved 1048576K
}
Event: 64.544 GC heap after
{Heap after GC invocations=64 (full 0):
 garbage-first heap   total 416768K, used 231951K [0x0000000080000000, 0x0000000100000000)
  region size 1024K, 15 young (15360K), 15 survivors (15360K)
 Metaspace       used 120834K, committed 121792K, reserved 1155072K
  class space    used 15988K, committed 16448K, reserved 1048576K
}
Event: 65.460 GC heap before
{Heap before GC invocations=64 (full 0):
 garbage-first heap   total 416768K, used 335375K [0x0000000080000000, 0x0000000100000000)
  region size 1024K, 117 young (119808K), 15 survivors (15360K)
 Metaspace       used 123749K, committed 124800K, reserved 1163264K
  class space    used 16359K, committed 16896K, reserved 1048576K
}
Event: 65.478 GC heap after
{Heap after GC invocations=65 (full 0):
 garbage-first heap   total 416768K, used 240906K [0x0000000080000000, 0x0000000100000000)
  region size 1024K, 9 young (9216K), 9 survivors (9216K)
 Metaspace       used 123749K, committed 124800K, reserved 1163264K
  class space    used 16359K, committed 16896K, reserved 1048576K
}
Event: 65.747 GC heap before
{Heap before GC invocations=65 (full 0):
 garbage-first heap   total 416768K, used 310538K [0x0000000080000000, 0x0000000100000000)
  region size 1024K, 57 young (58368K), 9 survivors (9216K)
 Metaspace       used 124184K, committed 125248K, reserved 1163264K
  class space    used 16416K, committed 16960K, reserved 1048576K
}
Event: 65.756 GC heap after
{Heap after GC invocations=66 (full 0):
 garbage-first heap   total 416768K, used 270180K [0x0000000080000000, 0x0000000100000000)
  region size 1024K, 14 young (14336K), 14 survivors (14336K)
 Metaspace       used 124184K, committed 125248K, reserved 1163264K
  class space    used 16416K, committed 16960K, reserved 1048576K
}
Event: 66.118 GC heap before
{Heap before GC invocations=66 (full 0):
 garbage-first heap   total 416768K, used 337764K [0x0000000080000000, 0x0000000100000000)
  region size 1024K, 66 young (67584K), 14 survivors (14336K)
 Metaspace       used 127442K, committed 128512K, reserved 1163264K
  class space    used 16877K, committed 17408K, reserved 1048576K
}
Event: 66.127 GC heap after
{Heap after GC invocations=67 (full 0):
 garbage-first heap   total 416768K, used 289747K [0x0000000080000000, 0x0000000100000000)
  region size 1024K, 8 young (8192K), 8 survivors (8192K)
 Metaspace       used 127442K, committed 128512K, reserved 1163264K
  class space    used 16877K, committed 17408K, reserved 1048576K
}

